  Building Custom Rule C:/Users/Guangyuan Zhao/Documents/GitHub/NetEase-Games-Project/NetEase-Games-Project/physx4.1/physx/source/compiler/cmake/CMakeLists.txt
  PxVehicleComponents.cpp
  PxVehicleDrive.cpp
  PxVehicleDrive4W.cpp
  PxVehicleDriveNW.cpp
  PxVehicleDriveTank.cpp
  PxVehicleMetaData.cpp
  PxVehicleNoDrive.cpp
  PxVehicleSDK.cpp
  PxVehicleSerialization.cpp
  PxVehicleSuspWheelTire4.cpp
  PxVehicleTireFriction.cpp
  PxVehicleUpdate.cpp
  PxVehicleWheels.cpp
  VehicleUtilControl.cpp
  VehicleUtilSetup.cpp
  VehicleUtilTelemetry.cpp
  PxVehicleAutoGeneratedMetaDataObjects.cpp
  PxVehicleMetaDataObjects.cpp
  PhysXVehicle.vcxproj -> C:\Users\Guangyuan Zhao\Documents\GitHub\NetEase-Games-Project\NetEase-Games-Project\physx4.1\physx\bin\win.x86_64.vc141.mt\debug\PhysXVehicle_static_64.lib
