  Building Custom Rule C:/Users/Guangyuan Zhao/Documents/GitHub/NetEase-Games-Project/NetEase-Games-Project/physx4.1/physx/source/compiler/cmake/CMakeLists.txt
  PsAllocator.cpp
  PsAssert.cpp
  PsFoundation.cpp
  PsMathUtils.cpp
  PsString.cpp
  PsTempAllocator.cpp
  PsUtilities.cpp
  PsWindowsAtomic.cpp
  PsWindowsCpu.cpp
  PsWindowsFPU.cpp
  PsWindowsMutex.cpp
  PsWindowsPrintString.cpp
  PsWindowsSList.cpp
  PsWindowsSocket.cpp
  PsWindowsSync.cpp
  PsWindowsThread.cpp
  PsWindowsTime.cpp
    正在创建库 C:/Users/Guangyuan Zhao/Documents/GitHub/NetEase-Games-Project/NetEase-Games-Project/physx4.1/physx/bin/win.x86_64.vc141.mt/debug/PhysXFoundation_64.lib 和对象 C:/Users/Guangyuan Zhao/Documents/GitHub/NetEase-Games-Project/NetEase-Games-Project/physx4.1/physx/bin/win.x86_64.vc141.mt/debug/PhysXFoundation_64.exp
  PhysXFoundation.vcxproj -> C:\Users\Guangyuan Zhao\Documents\GitHub\NetEase-Games-Project\NetEase-Games-Project\physx4.1\physx\bin\win.x86_64.vc141.mt\debug\PhysXFoundation_64.dll
