  Building Custom Rule C:/Users/Guangyuan Zhao/Documents/GitHub/NetEase-Games-Project/NetEase-Games-Project/physx4.1/physx/source/compiler/cmake/CMakeLists.txt
  Adjacencies.cpp
  Cooking.cpp
  CookingUtils.cpp
  EdgeList.cpp
  MeshCleaner.cpp
  Quantizer.cpp
  BVHStructureBuilder.cpp
  HeightFieldCooking.cpp
  RTreeCooking.cpp
  MeshBuilder.cpp
  TriangleMeshBuilder.cpp
  GrbTriangleMeshCooking.cpp
  BigConvexDataBuilder.cpp
  ConvexHullBuilder.cpp
  ConvexHullLib.cpp
  ConvexHullUtils.cpp
  ConvexMeshBuilder.cpp
  ConvexPolygonsBuilder.cpp
  QuickHullConvexHullLib.cpp
  VolumeIntegration.cpp
  WindowsCookingDelayLoadHook.cpp
    正在创建库 C:/Users/Guangyuan Zhao/Documents/GitHub/NetEase-Games-Project/NetEase-Games-Project/physx4.1/physx/bin/win.x86_64.vc141.mt/debug/PhysXCooking_64.lib 和对象 C:/Users/Guangyuan Zhao/Documents/GitHub/NetEase-Games-Project/NetEase-Games-Project/physx4.1/physx/bin/win.x86_64.vc141.mt/debug/PhysXCooking_64.exp
  PhysXCooking.vcxproj -> C:\Users\Guangyuan Zhao\Documents\GitHub\NetEase-Games-Project\NetEase-Games-Project\physx4.1\physx\bin\win.x86_64.vc141.mt\debug\PhysXCooking_64.dll
